2026-05-26 16:06:43: Session expired, re-login needed
2026-05-26 16:06:46: Selecting weakest service page...
2026-05-26 16:06:46: Weakest service: su-aritma-sistemleri (      15 lines)
2026-05-26 16:06:46: Selecting weakest brand page...
2026-05-26 16:06:46: Weakest brand: baylan (       5 lines)
2026-05-26 16:06:46: Querying NLM for service: su-aritma-sistemleri
2026-05-26 16:07:25: NLM service query done (35740 chars)
2026-05-26 16:07:25: Querying NLM for brand: baylan
2026-05-26 16:07:59: NLM brand query done (20569 chars)
2026-05-26 16:07:59: Enriching service: hizmetlerimiz/su-aritma-sistemleri.mdx
2026-05-26 16:07:59: Enriching brand: markalar/baylan.mdx
2026-05-26 16:08:01: Pushed 3 changes (service: su-aritma-sistemleri, brand: baylan)
2026-05-26 16:08:01: Done
2026-05-26 16:08:20: Session expired, re-login needed
2026-05-26 16:08:22: Selecting weakest service page...
2026-05-26 16:08:22: Weakest service: radyator (      16 lines)
2026-05-26 16:08:22: Selecting weakest brand page...
2026-05-26 16:08:23: Weakest brand: warmeks (       5 lines)
2026-05-26 16:08:23: Querying NLM for service: radyator
2026-05-26 16:08:59: NLM service query done (26914 chars)
2026-05-26 16:08:59: Querying NLM for brand: warmeks
2026-05-26 16:09:29: NLM brand query done (35487 chars)
2026-05-26 16:09:29: Enriching service: hizmetlerimiz/radyator.mdx
2026-05-26 16:09:29: Enriching brand: markalar/warmeks.mdx
2026-05-26 16:09:31: Pushed 3 changes (service: radyator, brand: warmeks)
2026-05-26 16:09:31: Done
2026-05-26 16:15:21: Session expired, re-login needed
2026-05-26 16:15:24: Selecting weakest service page...
2026-05-26 16:15:24: Weakest service: termosifonik-sistemler (      16 lines)
2026-05-26 16:15:24: Selecting weakest brand page...
2026-05-26 16:15:24: Weakest brand: ph-mekanik (       7 lines)
2026-05-26 16:15:24: Querying NLM for service: termosifonik-sistemler
2026-05-26 16:15:53: NLM service query done (30723 chars)
2026-05-26 16:15:53: Querying NLM for brand: ph-mekanik
2026-05-26 16:16:32: NLM brand query done (28958 chars)
2026-05-26 16:16:32: Enriching service: hizmetlerimiz/termosifonik-sistemler.mdx
2026-05-26 16:16:32: Enriching brand: markalar/ph-mekanik.mdx
